FAILED TEST LOG
  ✘ SUBTASKS 1.1 "before all" hook for ":1 "universe" database should exist"

Error: Cannot connect to psql
error: database "universe" does not exist
at Context.<anonymous> (test/1.1.test.js:14:13)
at process.processTicksAndRejections (node:internal/process/task_queues:95:5)
FAILED TEST LOG
  ✘ SUBTASKS 1.1 :6 "INT" data type should be used on two columns that aren't a key

AssertionError [ERR_ASSERTION]: The expression evaluated to a falsy value:

assert(integerColumnsRes.rows.length - intKeys >= 2)

at Context.<anonymous> (test/1.1.test.js:124:5)
at process.processTicksAndRejections (node:internal/process/task_queues:95:5)
  ✘ SUBTASKS 1.1 :7 "NUMERIC" data type should be used at least once

AssertionError [ERR_ASSERTION]: The expression evaluated to a falsy value:

assert(numericColumnsRes.rows.length >= 1)

at Context.<anonymous> (test/1.1.test.js:133:5)
at process.processTicksAndRejections (node:internal/process/task_queues:95:5)
  ✘ SUBTASKS 1.1 :8 "TEXT" data type should be used at least once

AssertionError [ERR_ASSERTION]: The expression evaluated to a falsy value:

assert(dateColumnsRes.rows.length >= 1)

at Context.<anonymous> (test/1.1.test.js:142:5)
at process.processTicksAndRejections (node:internal/process/task_queues:95:5)
  ✘ SUBTASKS 1.1 :9 "BOOLEAN" data type should be used on at least two columns

AssertionError [ERR_ASSERTION]: The expression evaluated to a falsy value:

assert(booleanColumnsRes.rows.length >= 2)

at Context.<anonymous> (test/1.1.test.js:151:5)
at process.processTicksAndRejections (node:internal/process/task_queues:95:5)
  ✘ SUBTASKS 1.1 :10 Each "star" row should have a foreign key that references one of the "galaxy" rows

AssertionError [ERR_ASSERTION]: The expression evaluated to a falsy value:

assert(starRowsRes.rows.length >= 1)

at Context.<anonymous> (test/1.1.test.js:172:5)
at process.processTicksAndRejections (node:internal/process/task_queues:95:5)
  ✘ SUBTASKS 1.1 :11 Each "planet" row should have a foreign key that references one of the "star" rows

AssertionError [ERR_ASSERTION]: The expression evaluated to a falsy value:

assert(planetRowsRes.rows.length >= 1)

at Context.<anonymous> (test/1.1.test.js:193:5)
at process.processTicksAndRejections (node:internal/process/task_queues:95:5)
  ✘ SUBTASKS 1.1 :12 Each "moon" row should have a foreign key that references one of the "planet" rows

AssertionError [ERR_ASSERTION]: The expression evaluated to a falsy value:

assert(moonRowsRes.rows.length >= 1)

at Context.<anonymous> (test/1.1.test.js:214:5)
at process.processTicksAndRejections (node:internal/process/task_queues:95:5)
  ✘ SUBTASKS 1.1 :13 "universe" database should have at least five tables

AssertionError [ERR_ASSERTION]: The expression evaluated to a falsy value:

assert(tablesRes.rows.length >= 5)

at Context.<anonymous> (test/1.1.test.js:223:5)
at process.processTicksAndRejections (node:internal/process/task_queues:95:5)
  ✘ SUBTASKS 1.1 :14 Each table should have at least three rows

AssertionError [ERR_ASSERTION]: The expression evaluated to a falsy value:

assert(false)

at Context.<anonymous> (test/1.1.test.js:236:54)
at process.processTicksAndRejections (node:internal/process/task_queues:95:5)
  ✘ SUBTASKS 1.1 :15 The "galaxy" and "star" tables should each have at least six rows

AssertionError [ERR_ASSERTION]: The expression evaluated to a falsy value:

assert(galaxyRowsRes.rows.length >= 6 && starRowsRes.rows.length >= 6)

at Context.<anonymous> (test/1.1.test.js:250:5)
at process.processTicksAndRejections (node:internal/process/task_queues:95:5)
  ✘ SUBTASKS 1.1 :16 The "planet" table should have at least 12 rows

AssertionError [ERR_ASSERTION]: The expression evaluated to a falsy value:

assert(planetRowsRes.rows.length >= 12)

at Context.<anonymous> (test/1.1.test.js:259:5)
at process.processTicksAndRejections (node:internal/process/task_queues:95:5)
  ✘ SUBTASKS 1.1 :17 The "moon" table should have at least 20 rows

AssertionError [ERR_ASSERTION]: The expression evaluated to a falsy value:

assert(moonRowsRes.rows.length >= 20)

at Context.<anonymous> (test/1.1.test.js:268:5)
at process.processTicksAndRejections (node:internal/process/task_queues:95:5)
  ✘ SUBTASKS 1.1 :18 Each table should have at least three columns

AssertionError [ERR_ASSERTION]: The expression evaluated to a falsy value:

assert(tablesAndColumnsRes.rows.length >= 1 && tablesWithLessThanThreeColumns.length <= 0)

at Context.<anonymous> (test/1.1.test.js:281:5)
at process.processTicksAndRejections (node:internal/process/task_queues:95:5)
  ✘ SUBTASKS 1.1 :19 The "galaxy", "star", "planet" and "moon" should each have at least five columns

AssertionError [ERR_ASSERTION]: The expression evaluated to a falsy value:

assert(filteredTables.length >= 4)

at Context.<anonymous> (test/1.1.test.js:295:5)
at process.processTicksAndRejections (node:internal/process/task_queues:95:5)
  ✘ SUBTASKS 1.1 :20 At least two columns in each table should have the "NOT NULL" constraint

AssertionError [ERR_ASSERTION]: The expression evaluated to a falsy value:

assert(false)

at /workspace/project/.freeCodeCamp/test/1.1.test.js:311:38
at Array.forEach (<anonymous>)
at Context.<anonymous> (test/1.1.test.js:306:20)
at process.processTicksAndRejections (node:internal/process/task_queues:95:5)
  ✘ SUBTASKS 1.1 :21 At least one column in each table should have the "UNIQUE" constraint

AssertionError [ERR_ASSERTION]: The expression evaluated to a falsy value:

assert(false)

at /workspace/project/.freeCodeCamp/test/1.1.test.js:330:22
at Array.forEach (<anonymous>)
at Context.<anonymous> (test/1.1.test.js:325:20)
at process.processTicksAndRejections (node:internal/process/task_queues:95:5)
  ✘ SUBTASKS 1.1 :24 Each foreign key column should share a name with the column it is referencing

AssertionError [ERR_ASSERTION]: The expression evaluated to a falsy value:

assert(foreignKeysRes.rows.length >= 1)

at Context.<anonymous> (test/1.1.test.js:372:5)
at process.processTicksAndRejections (node:internal/process/task_queues:95:5)
FAILED TEST LOG
  ✘ SUBTASKS 1.1 :6 "INT" data type should be used on two columns that aren't a key

AssertionError [ERR_ASSERTION]: The expression evaluated to a falsy value:

assert(integerColumnsRes.rows.length - intKeys >= 2)

at Context.<anonymous> (test/1.1.test.js:124:5)
at process.processTicksAndRejections (node:internal/process/task_queues:95:5)
  ✘ SUBTASKS 1.1 :7 "NUMERIC" data type should be used at least once

AssertionError [ERR_ASSERTION]: The expression evaluated to a falsy value:

assert(numericColumnsRes.rows.length >= 1)

at Context.<anonymous> (test/1.1.test.js:133:5)
at process.processTicksAndRejections (node:internal/process/task_queues:95:5)
  ✘ SUBTASKS 1.1 :8 "TEXT" data type should be used at least once

AssertionError [ERR_ASSERTION]: The expression evaluated to a falsy value:

assert(dateColumnsRes.rows.length >= 1)

at Context.<anonymous> (test/1.1.test.js:142:5)
at process.processTicksAndRejections (node:internal/process/task_queues:95:5)
  ✘ SUBTASKS 1.1 :10 Each "star" row should have a foreign key that references one of the "galaxy" rows

AssertionError [ERR_ASSERTION]: The expression evaluated to a falsy value:

assert(starRowsRes.rows.length >= 1)

at Context.<anonymous> (test/1.1.test.js:172:5)
at process.processTicksAndRejections (node:internal/process/task_queues:95:5)
  ✘ SUBTASKS 1.1 :11 Each "planet" row should have a foreign key that references one of the "star" rows

AssertionError [ERR_ASSERTION]: The expression evaluated to a falsy value:

assert(planetRowsRes.rows.length >= 1)

at Context.<anonymous> (test/1.1.test.js:193:5)
at process.processTicksAndRejections (node:internal/process/task_queues:95:5)
  ✘ SUBTASKS 1.1 :12 Each "moon" row should have a foreign key that references one of the "planet" rows

AssertionError [ERR_ASSERTION]: The expression evaluated to a falsy value:

assert(moonRowsRes.rows.length >= 1)

at Context.<anonymous> (test/1.1.test.js:214:5)
at process.processTicksAndRejections (node:internal/process/task_queues:95:5)
  ✘ SUBTASKS 1.1 :13 "universe" database should have at least five tables

AssertionError [ERR_ASSERTION]: The expression evaluated to a falsy value:

assert(tablesRes.rows.length >= 5)

at Context.<anonymous> (test/1.1.test.js:223:5)
at process.processTicksAndRejections (node:internal/process/task_queues:95:5)
  ✘ SUBTASKS 1.1 :14 Each table should have at least three rows

AssertionError [ERR_ASSERTION]: The expression evaluated to a falsy value:

assert(false)

at Context.<anonymous> (test/1.1.test.js:236:54)
at process.processTicksAndRejections (node:internal/process/task_queues:95:5)
  ✘ SUBTASKS 1.1 :15 The "galaxy" and "star" tables should each have at least six rows

AssertionError [ERR_ASSERTION]: The expression evaluated to a falsy value:

assert(galaxyRowsRes.rows.length >= 6 && starRowsRes.rows.length >= 6)

at Context.<anonymous> (test/1.1.test.js:250:5)
at process.processTicksAndRejections (node:internal/process/task_queues:95:5)
  ✘ SUBTASKS 1.1 :16 The "planet" table should have at least 12 rows

AssertionError [ERR_ASSERTION]: The expression evaluated to a falsy value:

assert(planetRowsRes.rows.length >= 12)

at Context.<anonymous> (test/1.1.test.js:259:5)
at process.processTicksAndRejections (node:internal/process/task_queues:95:5)
  ✘ SUBTASKS 1.1 :17 The "moon" table should have at least 20 rows

AssertionError [ERR_ASSERTION]: The expression evaluated to a falsy value:

assert(moonRowsRes.rows.length >= 20)

at Context.<anonymous> (test/1.1.test.js:268:5)
at process.processTicksAndRejections (node:internal/process/task_queues:95:5)
  ✘ SUBTASKS 1.1 :20 At least two columns in each table should have the "NOT NULL" constraint

AssertionError [ERR_ASSERTION]: The expression evaluated to a falsy value:

assert(false)

at /workspace/project/.freeCodeCamp/test/1.1.test.js:311:38
at Array.forEach (<anonymous>)
at Context.<anonymous> (test/1.1.test.js:306:20)
at process.processTicksAndRejections (node:internal/process/task_queues:95:5)
  ✘ SUBTASKS 1.1 :21 At least one column in each table should have the "UNIQUE" constraint

AssertionError [ERR_ASSERTION]: The expression evaluated to a falsy value:

assert(false)

at /workspace/project/.freeCodeCamp/test/1.1.test.js:330:22
at Array.forEach (<anonymous>)
at Context.<anonymous> (test/1.1.test.js:325:20)
at process.processTicksAndRejections (node:internal/process/task_queues:95:5)
  ✘ SUBTASKS 1.1 :24 Each foreign key column should share a name with the column it is referencing

AssertionError [ERR_ASSERTION]: The expression evaluated to a falsy value:

assert(foreignKeysRes.rows.length >= 1)

at Context.<anonymous> (test/1.1.test.js:372:5)
at process.processTicksAndRejections (node:internal/process/task_queues:95:5)
